<?xml version="1.0" encoding="UTF-8"?>
<!-- Generated by org.testng.reporters.JUnitReportReporter -->
<testsuite hostname="Deepak" failures="0" tests="2" name="com.testcases.LoginPageTest" time="34.145" errors="0" timestamp="2022-07-18T11:39:53 IST" skipped="0">
  <testcase classname="com.testcases.LoginPageTest" name="loginPageTitleTest" time="12.519"/>
  <system-out/>
  <testcase classname="com.testcases.LoginPageTest" name="loginTest" time="21.626"/>
  <system-out/>
</testsuite> <!-- com.testcases.LoginPageTest -->
