<?xml version="1.0" encoding="UTF-8"?>
<!-- Generated by org.testng.reporters.JUnitReportReporter -->
<testsuite hostname="Deepak" failures="0" tests="1" name="com.fb.testcases.LoginPageDataDrivenTest" time="10.722" errors="0" timestamp="2022-07-20T15:05:48 IST" skipped="0">
  <testcase classname="com.fb.testcases.LoginPageDataDrivenTest" name="loginTest" time="10.722"/>
  <system-out/>
</testsuite> <!-- com.fb.testcases.LoginPageDataDrivenTest -->
