<?xml version="1.0" encoding="UTF-8"?>
<!-- Generated by org.testng.reporters.JUnitReportReporter -->
<testsuite hostname="Deepak" failures="0" tests="2" name="com.fb.testcases.SignUpPageTest" time="41.787" errors="0" timestamp="2022-07-20T15:05:48 IST" skipped="0">
  <testcase classname="com.fb.testcases.SignUpPageTest" name="signUpPageTitleTest" time="13.261"/>
  <system-out/>
  <testcase classname="com.fb.testcases.SignUpPageTest" name="signUpTest" time="28.526"/>
  <system-out/>
</testsuite> <!-- com.fb.testcases.SignUpPageTest -->
