<?xml version="1.0" encoding="UTF-8"?>
<!-- Generated by org.testng.reporters.JUnitReportReporter -->
<testsuite hostname="Deepak" failures="0" tests="2" name="com.fb.testcases.LoginPageAllureReportTest" time="48.601" errors="0" timestamp="2022-07-20T14:59:44 IST" skipped="0">
  <testcase classname="com.fb.testcases.LoginPageAllureReportTest" name="loginPageTitleTest" time="20.204"/>
  <system-out/>
  <testcase classname="com.fb.testcases.LoginPageAllureReportTest" name="loginTest" time="28.397"/>
  <system-out/>
</testsuite> <!-- com.fb.testcases.LoginPageAllureReportTest -->
