<?xml version="1.0" encoding="UTF-8"?>
<!-- Generated by org.testng.reporters.JUnitReportReporter -->
<testsuite hostname="Deepak" failures="0" tests="2" name="com.testpages.TestLoginPage" time="58.751" errors="0" timestamp="2022-07-16T12:37:49 IST" skipped="0">
  <testcase classname="com.testpages.TestLoginPage" name="loginPageTitleTest" time="17.408"/>
  <system-out/>
  <testcase classname="com.testpages.TestLoginPage" name="loginTest" time="41.343"/>
  <system-out/>
</testsuite> <!-- com.testpages.TestLoginPage -->
