<?xml version="1.0" encoding="UTF-8"?>
<!-- Generated by org.testng.reporters.JUnitReportReporter -->
<testsuite hostname="Deepak" failures="0" tests="2" name="com.fb.testcases.LoginPageTest" time="38.282" errors="0" timestamp="2022-07-20T15:05:48 IST" skipped="0">
  <testcase classname="com.fb.testcases.LoginPageTest" name="loginPageTitleTest" time="15.874"/>
  <system-out/>
  <testcase classname="com.fb.testcases.LoginPageTest" name="loginTest" time="22.408"/>
  <system-out/>
</testsuite> <!-- com.fb.testcases.LoginPageTest -->
