<?xml version="1.0" encoding="UTF-8"?>
<!-- Generated by org.testng.reporters.JUnitReportReporter -->
<testsuite hostname="Deepak" failures="0" tests="2" name="com.fb.testcases.HomePageTest" time="54.180" errors="0" timestamp="2022-07-20T15:05:48 IST" skipped="0">
  <testcase classname="com.fb.testcases.HomePageTest" name="homePageTest" time="19.284"/>
  <system-out/>
  <testcase classname="com.fb.testcases.HomePageTest" name="HomePageUserProfileTest" time="34.896"/>
  <system-out/>
</testsuite> <!-- com.fb.testcases.HomePageTest -->
